2022-06-18 20:50:24,167 INFO o.a.j.u.JMeterUtils: Setting Locale to en_EN
2022-06-18 20:50:24,205 INFO o.a.j.JMeter: Loading user properties from: user.properties
2022-06-18 20:50:24,217 INFO o.a.j.JMeter: Loading system properties from: system.properties
2022-06-18 20:50:24,236 INFO o.a.j.JMeter: Copyright (c) 1998-2021 The Apache Software Foundation
2022-06-18 20:50:24,236 INFO o.a.j.JMeter: Version 5.4.3
2022-06-18 20:50:24,236 INFO o.a.j.JMeter: java.version=1.8.0_333
2022-06-18 20:50:24,236 INFO o.a.j.JMeter: java.vm.name=Java HotSpot(TM) 64-Bit Server VM
2022-06-18 20:50:24,237 INFO o.a.j.JMeter: os.name=Windows 10
2022-06-18 20:50:24,237 INFO o.a.j.JMeter: os.arch=amd64
2022-06-18 20:50:24,237 INFO o.a.j.JMeter: os.version=10.0
2022-06-18 20:50:24,237 INFO o.a.j.JMeter: file.encoding=Cp1252
2022-06-18 20:50:24,237 INFO o.a.j.JMeter: java.awt.headless=null
2022-06-18 20:50:24,237 INFO o.a.j.JMeter: Max memory     =1073741824
2022-06-18 20:50:24,238 INFO o.a.j.JMeter: Available Processors =12
2022-06-18 20:50:24,249 INFO o.a.j.JMeter: Default Locale=English (EN)
2022-06-18 20:50:24,250 INFO o.a.j.JMeter: JMeter  Locale=English (EN)
2022-06-18 20:50:24,250 INFO o.a.j.JMeter: JMeterHome=C:\Users\Venkatesh.Sekaran\Documents\Jmeter\jmeter_apache-5.4.3
2022-06-18 20:50:24,250 INFO o.a.j.JMeter: user.dir  =C:\Users\Venkatesh.Sekaran\Documents\Jmeter\jmeter_apache-5.4.3\bin
2022-06-18 20:50:24,251 INFO o.a.j.JMeter: PWD       =C:\Users\Venkatesh.Sekaran\Documents\Jmeter\jmeter_apache-5.4.3\bin
2022-06-18 20:50:24,254 INFO o.a.j.JMeter: IP: 192.168.0.101 Name: PBL084 FullName: PBL084.preqin1.local
2022-06-18 20:50:24,965 INFO o.a.j.JMeter: Setting LAF to: com.github.weisj.darklaf.DarkLaf:com.github.weisj.darklaf.theme.DarculaTheme
2022-06-18 20:50:29,589 INFO o.a.j.JMeter: Loaded icon properties from org/apache/jmeter/images/icon.properties
2022-06-18 20:50:31,781 INFO o.j.r.JARSourceHTTP: Requesting https://jmeter-plugins.org/repo/?installID=windows_10-7e5effa3b48fffebbfe2a1fa0dc94a9d-gui
2022-06-18 20:50:32,523 INFO o.a.j.p.h.s.HTTPSamplerBase: Parser for text/html is org.apache.jmeter.protocol.http.parser.LagartoBasedHtmlParser
2022-06-18 20:50:32,523 INFO o.a.j.p.h.s.HTTPSamplerBase: Parser for application/xhtml+xml is org.apache.jmeter.protocol.http.parser.LagartoBasedHtmlParser
2022-06-18 20:50:32,523 INFO o.a.j.p.h.s.HTTPSamplerBase: Parser for application/xml is org.apache.jmeter.protocol.http.parser.LagartoBasedHtmlParser
2022-06-18 20:50:32,524 INFO o.a.j.p.h.s.HTTPSamplerBase: Parser for text/xml is org.apache.jmeter.protocol.http.parser.LagartoBasedHtmlParser
2022-06-18 20:50:32,524 INFO o.a.j.p.h.s.HTTPSamplerBase: Parser for text/vnd.wap.wml is org.apache.jmeter.protocol.http.parser.RegexpHTMLParser
2022-06-18 20:50:32,524 INFO o.a.j.p.h.s.HTTPSamplerBase: Parser for text/css is org.apache.jmeter.protocol.http.parser.CssParser
2022-06-18 20:50:36,119 INFO o.j.r.PluginManager: Plugins Status: [jpgc-casutg=2.10, bzm-parallel=0.11, jpgc-plugins-manager=1.7, jmeter-core=5.4.3, jmeter-ftp=5.4.3, jmeter-http=5.4.3, jmeter-jdbc=5.4.3, jmeter-jms=5.4.3, jmeter-junit=5.4.3, jmeter-java=5.4.3, jmeter-ldap=5.4.3, jmeter-mail=5.4.3, jmeter-mongodb=5.4.3, jmeter-native=5.4.3, jmeter-tcp=5.4.3, jmeter-components=5.4.3]
2022-06-18 20:51:21,570 INFO o.a.j.s.FileServer: Default base='C:\Users\Venkatesh.Sekaran\Documents\Jmeter\jmeter_apache-5.4.3\bin'
2022-06-18 20:51:21,574 INFO o.a.j.g.a.Load: Loading file: C:\Users\Venkatesh.Sekaran\Documents\Jmeter\jmeter_apache-5.4.3\bin\HTTP-Request-Testing.jmx
2022-06-18 20:51:21,575 INFO o.a.j.s.FileServer: Set new base='C:\Users\Venkatesh.Sekaran\Documents\Jmeter\jmeter_apache-5.4.3\bin'
2022-06-18 20:51:21,718 INFO o.a.j.s.SaveService: Testplan (JMX) version: 2.2. Testlog (JTL) version: 2.2
2022-06-18 20:51:21,746 INFO o.a.j.s.SaveService: Using SaveService properties file encoding UTF-8
2022-06-18 20:51:21,748 INFO o.a.j.s.SaveService: Using SaveService properties version 5.0
2022-06-18 20:51:21,752 INFO o.a.j.s.SaveService: Loading file: C:\Users\Venkatesh.Sekaran\Documents\Jmeter\jmeter_apache-5.4.3\bin\HTTP-Request-Testing.jmx
2022-06-18 20:51:22,001 INFO o.a.j.s.SampleResult: Note: Sample TimeStamps are START times
2022-06-18 20:51:22,001 INFO o.a.j.s.SampleResult: sampleresult.default.encoding is set to ISO-8859-1
2022-06-18 20:51:22,002 INFO o.a.j.s.SampleResult: sampleresult.useNanoTime=true
2022-06-18 20:51:22,002 INFO o.a.j.s.SampleResult: sampleresult.nanoThreadSleep=5000
2022-06-18 20:51:22,557 INFO o.a.j.s.FileServer: Set new base='C:\Users\Venkatesh.Sekaran\Documents\Jmeter\jmeter_apache-5.4.3\bin'
2022-06-18 20:51:28,952 INFO o.a.j.e.StandardJMeterEngine: Running the test!
2022-06-18 20:51:28,954 INFO o.a.j.s.SampleEvent: List of sample_variables: []
2022-06-18 20:51:28,954 INFO o.a.j.s.SampleEvent: List of sample_variables: []
2022-06-18 20:51:28,958 INFO o.a.j.e.u.CompoundVariable: Note: Function class names must contain the string: '.functions.'
2022-06-18 20:51:28,958 INFO o.a.j.e.u.CompoundVariable: Note: Function class names must not contain the string: '.gui.'
2022-06-18 20:51:29,257 INFO o.a.j.g.u.JMeterMenuBar: setRunning(true, *local*)
2022-06-18 20:51:29,339 INFO o.a.j.e.StandardJMeterEngine: Starting ThreadGroup: 1 : TestingApis
2022-06-18 20:51:29,340 INFO o.a.j.e.StandardJMeterEngine: Starting 1 threads for group TestingApis.
2022-06-18 20:51:29,340 INFO o.a.j.e.StandardJMeterEngine: Thread will continue on error
2022-06-18 20:51:29,340 INFO o.a.j.t.ThreadGroup: Starting thread group... number=1 threads=1 ramp-up=1 delayedStart=false
2022-06-18 20:51:29,344 INFO o.a.j.t.ThreadGroup: Started thread group number 1
2022-06-18 20:51:29,344 INFO o.a.j.e.StandardJMeterEngine: All thread groups have been started
2022-06-18 20:51:29,347 INFO o.a.j.t.JMeterThread: Thread started: TestingApis 1-1
2022-06-18 20:51:29,368 INFO o.a.j.p.h.s.HTTPHCAbstractImpl: Local host = PBL084
2022-06-18 20:51:29,372 INFO o.a.j.p.h.s.HTTPHC4Impl: HTTP request retry count = 0
2022-06-18 20:51:29,607 INFO o.a.j.p.h.s.h.LazyLayeredConnectionSocketFactory: Setting up HTTPS TrustAll Socket Factory
2022-06-18 20:51:29,612 INFO o.a.j.u.JsseSSLManager: Using default SSL protocol: TLS
2022-06-18 20:51:29,612 INFO o.a.j.u.JsseSSLManager: SSL session context: per-thread
2022-06-18 20:51:29,902 INFO o.a.j.u.SSLManager: JmeterKeyStore Location:  type JKS
2022-06-18 20:51:29,903 INFO o.a.j.u.SSLManager: KeyStore created OK
2022-06-18 20:51:29,903 WARN o.a.j.u.SSLManager: Keystore file not found, loading empty keystore
2022-06-18 20:51:32,264 INFO o.a.j.t.JMeterThread: Thread is done: TestingApis 1-1
2022-06-18 20:51:32,265 INFO o.a.j.t.JMeterThread: Thread finished: TestingApis 1-1
2022-06-18 20:51:32,268 INFO o.a.j.e.StandardJMeterEngine: Notifying test listeners of end of test
2022-06-18 20:51:32,268 INFO o.a.j.g.u.JMeterMenuBar: setRunning(false, *local*)
